Arguments: 
  C:\Program Files\nodejs\node.exe C:\Program Files (x86)\Yarn\bin\yarn.js add bootstrap-social

PATH: 
  C:\Python38\Scripts\;C:\Python38\;C:\Program Files\Amazon Corretto\jdk11.0.4_10\bin;C:\Program Files (x86)\Common Files\Oracle\Java\javapath;C:\Windows\system32;C:\Windows;C:\Windows\System32\Wbem;C:\Windows\System32\WindowsPowerShell\v1.0\;C:\Windows\System32\OpenSSH\;C:\Program Files (x86)\NVIDIA Corporation\PhysX\Common;C:\Program Files\NVIDIA Corporation\NVIDIA NvDLISR;D:\MATLAB\R2019a\bin;C:\Program Files\SourceGear\Common\DiffMerge\;D:\java\sqlite-tools-win32-x86-3290000;C:\WINDOWS\system32;C:\WINDOWS;C:\WINDOWS\System32\Wbem;C:\WINDOWS\System32\WindowsPowerShell\v1.0\;C:\WINDOWS\System32\OpenSSH\;D:\MinGW\bin;C:\MinGW\bin;C:\Program Files\Microsoft\Web Platform Installer\;C:\PHP7;C:\Program Files\Git\cmd;D:\flutter\flutter\bin;C:\Program Files (x86)\Intel\Intel(R) Management Engine Components\DAL;C:\Program Files\Intel\Intel(R) Management Engine Components\DAL;C:\Program Files\nodejs\;C:\ProgramData\chocolatey\bin;C:\Program Files (x86)\Yarn\bin\;C:\Users\Aju\Anaconda3;C:\Users\Aju\Anaconda3\Library\mingw-w64\bin;C:\Users\Aju\Anaconda3\Library\usr\bin;C:\Users\Aju\Anaconda3\Library\bin;C:\Users\Aju\Anaconda3\Scripts;C:\Program Files\Java\jdk1.6.0_45\bin;C:\Users\Aju\AppData\Local\Microsoft\WindowsApps;C:\Users\Aju\AppData\Local\Programs\Microsoft VS Code\bin;C:\Users\Aju\AppData\Roaming\npm;C:\Users\Aju\AppData\Local\Yarn\bin;C:\adb\;C:\Users\Aju\AppData\Local\GitHubDesktop\bin

Yarn version: 
  1.22.4

Node version: 
  14.2.0

Platform: 
  win32 x64

Trace: 
  Error: EPERM: operation not permitted, unlink 'D:\MyProjects\Portfolio2\node_modules\node-sass\vendor\win32-x64-83\binding.node'

npm manifest: 
  {
    "name": "portfolio2",
    "version": "1.0.0",
    "description": "",
    "main": "index.js",
    "scripts": {
      "test": "echo \"Error: no test specified\" && exit 1",
      "start": "node-sass -w scss/ -o css/ --recursive"
    },
    "author": "@itsAj",
    "license": "ISC",
    "dependencies": {
      "node-sass": "^4.14.1",
      "sass": "^1.26.5"
    }
  }

yarn manifest: 
  No manifest

Lockfile: 
  No lockfile
